<?xml version="1.0" encoding="UTF-8"?>
<!-- Generated by org.testng.reporters.JUnitXMLReporter -->
<testsuite ignored="0" hostname="LAPTOP-0QGC8ICS" failures="0" tests="3" name="Default test" time="6.792" errors="0" timestamp="2022-08-16T19:45:17 IST">
  <testcase classname="com.WikiData.TestCase" name="pageTest" time="3.172"/>
  <testcase classname="com.WikiData.BaseClass" name="ScrollDown" time="0.056"/>
  <testcase classname="com.WikiData.BaseClass" name="Takescreenshot" time="0.194"/>
</testsuite> <!-- Default test -->
