<?xml version="1.0" encoding="UTF-8"?>
<testng-results ignored="0" total="3" passed="3" failed="0" skipped="0">
  <reporter-output>
  </reporter-output>
  <suite started-at="2022-08-16T19:45:11 IST" name="Default suite" finished-at="2022-08-16T19:45:17 IST" duration-ms="6792">
    <groups>
    </groups>
    <test started-at="2022-08-16T19:45:11 IST" name="Default test" finished-at="2022-08-16T19:45:17 IST" duration-ms="6792">
      <class name="com.WikiData.TestCase">
        <test-method is-config="true" signature="setup()[pri:0, instance:com.WikiData.TestCase@5ab956d7]" started-at="2022-08-16T19:45:11 IST" name="setup" finished-at="2022-08-16T19:45:14 IST" duration-ms="3323" status="PASS">
          <reporter-output>
          </reporter-output>
        </test-method> <!-- setup -->
        <test-method signature="pageTest()[pri:0, instance:com.WikiData.TestCase@5ab956d7]" started-at="2022-08-16T19:45:14 IST" name="pageTest" finished-at="2022-08-16T19:45:17 IST" duration-ms="3172" status="PASS">
          <reporter-output>
          </reporter-output>
        </test-method> <!-- pageTest -->
        <test-method signature="ScrollDown()[pri:1, instance:com.WikiData.TestCase@5ab956d7]" started-at="2022-08-16T19:45:17 IST" name="ScrollDown" finished-at="2022-08-16T19:45:17 IST" duration-ms="56" status="PASS">
          <reporter-output>
          </reporter-output>
        </test-method> <!-- ScrollDown -->
        <test-method signature="Takescreenshot()[pri:2, instance:com.WikiData.TestCase@5ab956d7]" started-at="2022-08-16T19:45:17 IST" name="Takescreenshot" finished-at="2022-08-16T19:45:17 IST" duration-ms="194" status="PASS">
          <reporter-output>
          </reporter-output>
        </test-method> <!-- Takescreenshot -->
      </class> <!-- com.WikiData.TestCase -->
    </test> <!-- Default test -->
  </suite> <!-- Default suite -->
</testng-results>
